2021-11-15T11:01:01+00:00 CRITICAL Uncaught TypeError: array_column(): Argument #1 ($array) must be of type array, string given in C:\xampp\htdocs\rentit\wp-content\plugins\woocommerce\packages\woocommerce-admin\src\RemoteInboxNotifications\Transformers\ArrayColumn.php:27
Stack trace:
#0 C:\xampp\htdocs\rentit\wp-content\plugins\woocommerce\packages\woocommerce-admin\src\RemoteInboxNotifications\Transformers\ArrayColumn.php(27): array_column('', 'slug')
#1 C:\xampp\htdocs\rentit\wp-content\plugins\woocommerce\packages\woocommerce-admin\src\RemoteInboxNotifications\TransformerService.php(59): Automattic\WooCommerce\Admin\RemoteInboxNotifications\Transformers\ArrayColumn->transform('', Object(stdClass), '')
#2 C:\xampp\htdocs\rentit\wp-content\plugins\woocommerce\packages\woocommerce-admin\src\RemoteInboxNotifications\OptionRuleProcessor.php(45): Automattic\WooCommerce\Admin\RemoteInboxNotifications\TransformerService::apply('', Array, '')
#3 C:\xampp\htdocs\rentit\wp-content\plugins\woocommerce\packages\woocommerce-admin\src\RemoteInboxNotifications\RuleEvaluator.php(62): Automattic\WooCommerce\Admin\RemoteInboxNotifications\OptionRuleProcessor->process(Object(stdClass), NULL)
#4 C:\xampp\htdocs\rentit\wp-content\plugins\woocommerce\packages\woocommerce-admin\src\Features\RemoteFreeExtensions\EvaluateExtension.php(27): Automattic\WooCommerce\Admin\RemoteInboxNotifications\RuleEvaluator->evaluate(Array)
#5 C:\xampp\htdocs\rentit\wp-content\plugins\woocommerce\packages\woocommerce-admin\src\Features\RemoteFreeExtensions\Init.php(48): Automattic\WooCommerce\Admin\Features\RemoteFreeExtensions\EvaluateExtension::evaluate(Object(stdClass))
#6 C:\xampp\htdocs\rentit\wp-content\plugins\woocommerce\packages\woocommerce-admin\src\API\OnboardingFreeExtensions.php(75): Automattic\WooCommerce\Admin\Features\RemoteFreeExtensions\Init::get_extensions()
#7 C:\xampp\htdocs\rentit\wp-includes\rest-api\class-wp-rest-server.php(1140): Automattic\WooCommerce\Admin\API\OnboardingFreeExtensions->get_available_extensions(Object(WP_REST_Request))
#8 C:\xampp\htdocs\rentit\wp-includes\rest-api\class-wp-rest-server.php(987): WP_REST_Server->respond_to_request(Object(WP_REST_Request), '/wc-admin/onboa...', Array, NULL)
#9 C:\xampp\htdocs\rentit\wp-includes\rest-api\class-wp-rest-server.php(414): WP_REST_Server->dispatch(Object(WP_REST_Request))
#10 C:\xampp\htdocs\rentit\wp-includes\rest-api.php(370): WP_REST_Server->serve_request('/wc-admin/onboa...')
#11 C:\xampp\htdocs\rentit\wp-includes\class-wp-hook.php(303): rest_api_loaded(Object(WP))
#12 C:\xampp\htdocs\rentit\wp-includes\class-wp-hook.php(327): WP_Hook->apply_filters(NULL, Array)
#13 C:\xampp\htdocs\rentit\wp-includes\plugin.php(518): WP_Hook->do_action(Array)
#14 C:\xampp\htdocs\rentit\wp-includes\class-wp.php(388): do_action_ref_array('parse_request', Array)
#15 C:\xampp\htdocs\rentit\wp-includes\class-wp.php(750): WP->parse_request('')
#16 C:\xampp\htdocs\rentit\wp-includes\functions.php(1291): WP->main('')
#17 C:\xampp\htdocs\rentit\wp-blog-header.php(16): wp()
#18 C:\xampp\htdocs\rentit\index.php(17): require('C:\\xampp\\htdocs...')
#19 {main}
  thrown in C:\xampp\htdocs\rentit\wp-content\plugins\woocommerce\packages\woocommerce-admin\src\RemoteInboxNotifications\Transformers\ArrayColumn.php on line 27

2021-11-15T12:24:27+00:00 CRITICAL Uncaught TypeError: call_user_func_array(): Argument #1 ($callback) must be a valid callback, function "rentit_add_sidebar_tags" not found or invalid function name in C:\xampp\htdocs\rentit\wp-includes\class-wp-hook.php:303
Stack trace:
#0 C:\xampp\htdocs\rentit\wp-includes\class-wp-hook.php(327): WP_Hook->apply_filters(NULL, Array)
#1 C:\xampp\htdocs\rentit\wp-includes\plugin.php(470): WP_Hook->do_action(Array)
#2 C:\xampp\htdocs\rentit\wp-content\plugins\woocommerce\templates\archive-product.php(29): do_action('woocommerce_bef...')
#3 C:\xampp\htdocs\rentit\wp-includes\template-loader.php(106): include('C:\\xampp\\htdocs...')
#4 C:\xampp\htdocs\rentit\wp-blog-header.php(19): require_once('C:\\xampp\\htdocs...')
#5 C:\xampp\htdocs\rentit\index.php(17): require('C:\\xampp\\htdocs...')
#6 {main}
  thrown in C:\xampp\htdocs\rentit\wp-includes\class-wp-hook.php on line 303

2021-11-15T12:24:35+00:00 CRITICAL Uncaught TypeError: call_user_func_array(): Argument #1 ($callback) must be a valid callback, function "rentit_add_sidebar_tags" not found or invalid function name in C:\xampp\htdocs\rentit\wp-includes\class-wp-hook.php:303
Stack trace:
#0 C:\xampp\htdocs\rentit\wp-includes\class-wp-hook.php(327): WP_Hook->apply_filters(NULL, Array)
#1 C:\xampp\htdocs\rentit\wp-includes\plugin.php(470): WP_Hook->do_action(Array)
#2 C:\xampp\htdocs\rentit\wp-content\plugins\woocommerce\templates\archive-product.php(29): do_action('woocommerce_bef...')
#3 C:\xampp\htdocs\rentit\wp-includes\template-loader.php(106): include('C:\\xampp\\htdocs...')
#4 C:\xampp\htdocs\rentit\wp-blog-header.php(19): require_once('C:\\xampp\\htdocs...')
#5 C:\xampp\htdocs\rentit\index.php(17): require('C:\\xampp\\htdocs...')
#6 {main}
  thrown in C:\xampp\htdocs\rentit\wp-includes\class-wp-hook.php on line 303

2021-11-15T12:59:01+00:00 CRITICAL Uncaught Error: Failed opening required 'http://localhost/rentit/wp-content/themes/rent-itinc/wc-modifications.php' (include_path='C:\xampp\php\PEAR') in C:\xampp\htdocs\rentit\wp-content\themes\rent-it\functions.php:47
Stack trace:
#0 C:\xampp\htdocs\rentit\wp-settings.php(546): include()
#1 C:\xampp\htdocs\rentit\wp-config.php(96): require_once('C:\\xampp\\htdocs...')
#2 C:\xampp\htdocs\rentit\wp-load.php(50): require_once('C:\\xampp\\htdocs...')
#3 C:\xampp\htdocs\rentit\wp-blog-header.php(13): require_once('C:\\xampp\\htdocs...')
#4 C:\xampp\htdocs\rentit\index.php(17): require('C:\\xampp\\htdocs...')
#5 {main}
  thrown in C:\xampp\htdocs\rentit\wp-content\themes\rent-it\functions.php on line 47

2021-11-15T12:59:33+00:00 CRITICAL Uncaught Error: Failed opening required 'http://localhost/rentit/wp-content/themes/rent-it/inc/wc-modifications.php' (include_path='C:\xampp\php\PEAR') in C:\xampp\htdocs\rentit\wp-content\themes\rent-it\functions.php:47
Stack trace:
#0 C:\xampp\htdocs\rentit\wp-settings.php(546): include()
#1 C:\xampp\htdocs\rentit\wp-config.php(96): require_once('C:\\xampp\\htdocs...')
#2 C:\xampp\htdocs\rentit\wp-load.php(50): require_once('C:\\xampp\\htdocs...')
#3 C:\xampp\htdocs\rentit\wp-blog-header.php(13): require_once('C:\\xampp\\htdocs...')
#4 C:\xampp\htdocs\rentit\index.php(17): require('C:\\xampp\\htdocs...')
#5 {main}
  thrown in C:\xampp\htdocs\rentit\wp-content\themes\rent-it\functions.php on line 47

2021-11-15T17:50:07+00:00 CRITICAL syntax error, unexpected end of file in C:\xampp\htdocs\rentit\wp-content\themes\rent-it\functions.php on line 47

2021-11-15T17:52:08+00:00 CRITICAL syntax error, unexpected end of file in C:\xampp\htdocs\rentit\wp-content\themes\rent-it\functions.php on line 47

2021-11-15T17:54:08+00:00 CRITICAL syntax error, unexpected end of file in C:\xampp\htdocs\rentit\wp-content\themes\rent-it\functions.php on line 47

2021-11-15T17:59:48+00:00 CRITICAL Uncaught Error: Failed opening required 'http://localhost/rentit/wp-content/themes/rent-itinc/wcmod' (include_path='C:\xampp\php\PEAR') in C:\xampp\htdocs\rentit\wp-content\themes\rent-it\functions.php:47
Stack trace:
#0 C:\xampp\htdocs\rentit\wp-settings.php(546): include()
#1 C:\xampp\htdocs\rentit\wp-config.php(96): require_once('C:\\xampp\\htdocs...')
#2 C:\xampp\htdocs\rentit\wp-load.php(50): require_once('C:\\xampp\\htdocs...')
#3 C:\xampp\htdocs\rentit\wp-admin\admin-ajax.php(22): require_once('C:\\xampp\\htdocs...')
#4 {main}
  thrown in C:\xampp\htdocs\rentit\wp-content\themes\rent-it\functions.php on line 47

2021-11-15T17:59:50+00:00 CRITICAL Uncaught Error: Failed opening required 'http://localhost/rentit/wp-content/themes/rent-itinc/wcmod' (include_path='C:\xampp\php\PEAR') in C:\xampp\htdocs\rentit\wp-content\themes\rent-it\functions.php:47
Stack trace:
#0 C:\xampp\htdocs\rentit\wp-settings.php(546): include()
#1 C:\xampp\htdocs\rentit\wp-config.php(96): require_once('C:\\xampp\\htdocs...')
#2 C:\xampp\htdocs\rentit\wp-load.php(50): require_once('C:\\xampp\\htdocs...')
#3 C:\xampp\htdocs\rentit\wp-blog-header.php(13): require_once('C:\\xampp\\htdocs...')
#4 C:\xampp\htdocs\rentit\index.php(17): require('C:\\xampp\\htdocs...')
#5 {main}
  thrown in C:\xampp\htdocs\rentit\wp-content\themes\rent-it\functions.php on line 47

2021-11-15T17:59:50+00:00 CRITICAL Uncaught Error: Failed opening required 'http://localhost/rentit/wp-content/themes/rent-itinc/wcmod' (include_path='C:\xampp\php\PEAR') in C:\xampp\htdocs\rentit\wp-content\themes\rent-it\functions.php:47
Stack trace:
#0 C:\xampp\htdocs\rentit\wp-settings.php(546): include()
#1 C:\xampp\htdocs\rentit\wp-config.php(96): require_once('C:\\xampp\\htdocs...')
#2 C:\xampp\htdocs\rentit\wp-load.php(50): require_once('C:\\xampp\\htdocs...')
#3 C:\xampp\htdocs\rentit\wp-blog-header.php(13): require_once('C:\\xampp\\htdocs...')
#4 C:\xampp\htdocs\rentit\index.php(17): require('C:\\xampp\\htdocs...')
#5 {main}
  thrown in C:\xampp\htdocs\rentit\wp-content\themes\rent-it\functions.php on line 47

2021-11-15T18:00:00+00:00 CRITICAL Uncaught Error: Failed opening required 'C:\xampp\htdocs\rentit/wp-content/themes/rent-it/inc/wcmod' (include_path='C:\xampp\php\PEAR') in C:\xampp\htdocs\rentit\wp-content\themes\rent-it\functions.php:47
Stack trace:
#0 C:\xampp\htdocs\rentit\wp-settings.php(546): include()
#1 C:\xampp\htdocs\rentit\wp-config.php(96): require_once('C:\\xampp\\htdocs...')
#2 C:\xampp\htdocs\rentit\wp-load.php(50): require_once('C:\\xampp\\htdocs...')
#3 C:\xampp\htdocs\rentit\wp-blog-header.php(13): require_once('C:\\xampp\\htdocs...')
#4 C:\xampp\htdocs\rentit\index.php(17): require('C:\\xampp\\htdocs...')
#5 {main}
  thrown in C:\xampp\htdocs\rentit\wp-content\themes\rent-it\functions.php on line 47

